<?xml version="1.0" encoding="UTF-8"?>
<coverage generated="1725034591302" clover="3.2.0">
  <project timestamp="1725034591302" name="All files">
    <metrics statements="59" coveredstatements="46" conditionals="16" coveredconditionals="9" methods="16" coveredmethods="9" elements="91" coveredelements="64" complexity="0" loc="59" ncloc="59" packages="1" files="3" classes="3"/>
    <file name="dishService.js" path="C:\Users\Camily\engSoftware\SavoryBistro\server\service\dishService.js">
      <metrics statements="19" coveredstatements="15" conditionals="4" coveredconditionals="2" methods="5" coveredmethods="3"/>
      <line num="4" count="1" type="stmt"/>
      <line num="5" count="1" type="stmt"/>
      <line num="9" count="1" type="stmt"/>
      <line num="10" count="0" type="stmt"/>
      <line num="14" count="1" type="stmt"/>
      <line num="15" count="0" type="stmt"/>
      <line num="19" count="1" type="stmt"/>
      <line num="20" count="1" type="stmt"/>
      <line num="21" count="1" type="cond" truecount="1" falsecount="1"/>
      <line num="22" count="1" type="stmt"/>
      <line num="23" count="1" type="stmt"/>
      <line num="24" count="1" type="stmt"/>
      <line num="26" count="0" type="stmt"/>
      <line num="30" count="1" type="stmt"/>
      <line num="31" count="1" type="stmt"/>
      <line num="32" count="1" type="cond" truecount="1" falsecount="1"/>
      <line num="33" count="1" type="stmt"/>
      <line num="34" count="1" type="stmt"/>
      <line num="36" count="0" type="stmt"/>
    </file>
    <file name="orderService.js" path="C:\Users\Camily\engSoftware\SavoryBistro\server\service\orderService.js">
      <metrics statements="21" coveredstatements="17" conditionals="8" coveredconditionals="5" methods="5" coveredmethods="3"/>
      <line num="4" count="1" type="stmt"/>
      <line num="5" count="1" type="stmt"/>
      <line num="8" count="1" type="stmt"/>
      <line num="15" count="1" type="cond" truecount="3" falsecount="1"/>
      <line num="16" count="1" type="stmt"/>
      <line num="20" count="1" type="stmt"/>
      <line num="24" count="1" type="stmt"/>
      <line num="25" count="0" type="stmt"/>
      <line num="37" count="1" type="stmt"/>
      <line num="38" count="0" type="stmt"/>
      <line num="50" count="1" type="stmt"/>
      <line num="51" count="1" type="stmt"/>
      <line num="52" count="1" type="cond" truecount="1" falsecount="1"/>
      <line num="53" count="1" type="stmt"/>
      <line num="55" count="0" type="stmt"/>
      <line num="59" count="1" type="stmt"/>
      <line num="60" count="1" type="stmt"/>
      <line num="61" count="1" type="cond" truecount="1" falsecount="1"/>
      <line num="62" count="1" type="stmt"/>
      <line num="63" count="1" type="stmt"/>
      <line num="65" count="0" type="stmt"/>
    </file>
    <file name="userService.js" path="C:\Users\Camily\engSoftware\SavoryBistro\server\service\userService.js">
      <metrics statements="19" coveredstatements="14" conditionals="4" coveredconditionals="2" methods="6" coveredmethods="3"/>
      <line num="3" count="1" type="stmt"/>
      <line num="4" count="1" type="stmt"/>
      <line num="7" count="1" type="stmt"/>
      <line num="8" count="0" type="stmt"/>
      <line num="11" count="1" type="stmt"/>
      <line num="12" count="0" type="stmt"/>
      <line num="15" count="1" type="stmt"/>
      <line num="16" count="0" type="stmt"/>
      <line num="19" count="1" type="stmt"/>
      <line num="20" count="1" type="stmt"/>
      <line num="21" count="1" type="cond" truecount="1" falsecount="1"/>
      <line num="22" count="1" type="stmt"/>
      <line num="24" count="0" type="stmt"/>
      <line num="27" count="1" type="stmt"/>
      <line num="28" count="1" type="stmt"/>
      <line num="29" count="1" type="cond" truecount="1" falsecount="1"/>
      <line num="30" count="1" type="stmt"/>
      <line num="31" count="1" type="stmt"/>
      <line num="33" count="0" type="stmt"/>
    </file>
  </project>
</coverage>
